WARNING [14:51:44] - API dépréciée utilisée
INFO [14:51:44] - Utilisateur déconnecté
INFO [14:51:44] - Requête reçue
WARNING [14:51:44] - Temps de réponse élevé
INFO [14:51:44] - Requête reçue
ERROR [14:51:44] - Fichier introuvable
CRITICAL [14:51:44] - CORRUPTION DE DONNÉES
INFO [14:51:44] - Utilisateur déconnecté
WARNING [14:51:44] - Tentative de reconnexion
INFO [14:51:44] - Utilisateur déconnecté
INFO [14:51:44] - Ping service
ERROR [14:51:44] - Timeout requête externe
INFO [14:51:44] - Requête reçue
ERROR [14:51:44] - Timeout requête externe
WARNING [14:51:44] - API dépréciée utilisée
ERROR [14:51:44] - Fichier introuvable
WARNING [14:51:44] - Tentative de reconnexion
WARNING [14:51:44] - Temps de réponse élevé
INFO [14:51:44] - Démarrage session
INFO [14:51:44] - Utilisateur déconnecté