WARNING [14:51:44] - Temps de réponse élevé
INFO [14:51:44] - Utilisateur déconnecté
ERROR [14:51:44] - Timeout requête externe
INFO [14:51:44] - Utilisateur déconnecté
INFO [14:51:44] - Ping service
ERROR [14:51:44] - Fichier introuvable
INFO [14:51:44] - Utilisateur déconnecté
ERROR [14:51:44] - Timeout requête externe
INFO [14:51:44] - Ping service
ERROR [14:51:44] - Fichier introuvable
WARNING [14:51:44] - Temps de réponse élevé
CRITICAL [14:51:44] - Service arrêté inopinément
INFO [14:51:44] - Requête reçue
ERROR [14:51:44] - Fichier introuvable
ERROR [14:51:44] - Timeout requête externe
WARNING [14:51:44] - Temps de réponse élevé
CRITICAL [14:51:44] - Service arrêté inopinément
INFO [14:51:44] - Démarrage session
INFO [14:51:44] - Utilisateur déconnecté
INFO [14:51:44] - Démarrage session