CRITICAL [14:51:44] - CORRUPTION DE DONNÉES
WARNING [14:51:44] - API dépréciée utilisée
INFO [14:51:44] - Requête reçue
WARNING [14:51:44] - Tentative de reconnexion
WARNING [14:51:44] - Tentative de reconnexion
WARNING [14:51:44] - API dépréciée utilisée
INFO [14:51:44] - Démarrage session
INFO [14:51:44] - Démarrage session
INFO [14:51:44] - Utilisateur déconnecté
ERROR [14:51:44] - Échec de connexion DB
ERROR [14:51:44] - Échec de connexion DB
INFO [14:51:44] - Utilisateur déconnecté
INFO [14:51:44] - Ping service
ERROR [14:51:44] - Timeout requête externe
INFO [14:51:44] - Ping service
WARNING [14:51:44] - API dépréciée utilisée
INFO [14:51:44] - Utilisateur déconnecté
INFO [14:51:44] - Requête reçue
INFO [14:51:44] - Utilisateur déconnecté
WARNING [14:51:44] - Tentative de reconnexion