INFO [14:51:44] - Requête reçue
INFO [14:51:44] - Démarrage session
CRITICAL [14:51:44] - CORRUPTION DE DONNÉES
INFO [14:51:44] - Utilisateur déconnecté
ERROR [14:51:44] - Fichier introuvable
INFO [14:51:44] - Ping service
ERROR [14:51:44] - Fichier introuvable
INFO [14:51:44] - Démarrage session
INFO [14:51:44] - Requête reçue
INFO [14:51:44] - Ping service
WARNING [14:51:44] - Temps de réponse élevé
INFO [14:51:44] - Ping service
INFO [14:51:44] - Utilisateur déconnecté
ERROR [14:51:44] - Fichier introuvable
WARNING [14:51:44] - Temps de réponse élevé
ERROR [14:51:44] - Fichier introuvable
INFO [14:51:44] - Utilisateur déconnecté
WARNING [14:51:44] - API dépréciée utilisée
INFO [14:51:44] - Démarrage session
INFO [14:51:44] - Utilisateur déconnecté