CRITICAL [14:51:44] - Service arrêté inopinément
INFO [14:51:44] - Ping service
INFO [14:51:44] - Démarrage session
INFO [14:51:44] - Démarrage session
WARNING [14:51:44] - Temps de réponse élevé
INFO [14:51:44] - Utilisateur déconnecté
INFO [14:51:44] - Requête reçue
INFO [14:51:44] - Ping service
WARNING [14:51:44] - Tentative de reconnexion
ERROR [14:51:44] - Timeout requête externe
ERROR [14:51:44] - Timeout requête externe
WARNING [14:51:44] - Temps de réponse élevé
WARNING [14:51:44] - Tentative de reconnexion
WARNING [14:51:44] - Tentative de reconnexion
WARNING [14:51:44] - Tentative de reconnexion
CRITICAL [14:51:44] - CORRUPTION DE DONNÉES
INFO [14:51:44] - Utilisateur déconnecté
WARNING [14:51:44] - Tentative de reconnexion
INFO [14:51:44] - Ping service
ERROR [14:51:44] - Fichier introuvable