INFO [14:51:44] - Démarrage session
INFO [14:51:44] - Ping service
INFO [14:51:44] - Démarrage session
INFO [14:51:44] - Démarrage session
INFO [14:51:44] - Ping service
WARNING [14:51:44] - Temps de réponse élevé
ERROR [14:51:44] - Timeout requête externe
CRITICAL [14:51:44] - CORRUPTION DE DONNÉES
WARNING [14:51:44] - API dépréciée utilisée
INFO [14:51:44] - Démarrage session
CRITICAL [14:51:44] - Service arrêté inopinément
INFO [14:51:44] - Ping service
INFO [14:51:44] - Démarrage session
WARNING [14:51:44] - Tentative de reconnexion
WARNING [14:51:44] - Tentative de reconnexion
INFO [14:51:44] - Requête reçue
WARNING [14:51:44] - Tentative de reconnexion
WARNING [14:51:44] - API dépréciée utilisée
INFO [14:51:44] - Ping service
ERROR [14:51:44] - Échec de connexion DB