Impossible de supprimer le fichier (CRITICAL) : ./logs/api_2024-12-25.log
api_2024-12-25.log critical supprimé (expiration 30 jours)
Impossible de supprimer le fichier (CRITICAL) : ./logs/api_2024-12-29.log
api_2024-12-29.log critical supprimé (expiration 30 jours)
Impossible de supprimer le fichier (CRITICAL) : ./logs/api_2024-12-30.log
api_2024-12-30.log critical supprimé (expiration 30 jours)
Impossible de supprimer le fichier (CRITICAL) : ./logs/api_2024-12-31.log
api_2024-12-31.log critical supprimé (expiration 30 jours)
Impossible de supprimer le fichier (CRITICAL) : ./logs/api_2025-01-01.log
api_2025-01-01.log critical supprimé (expiration 30 jours)
Impossible de supprimer le fichier (CRITICAL) : ./logs/api_2025-01-02.log
api_2025-01-02.log critical supprimé (expiration 30 jours)
Impossible de supprimer le fichier (CRITICAL) : ./logs/api_2025-01-03.log
api_2025-01-03.log critical supprimé (expiration 30 jours)
Impossible de supprimer le fichier (CRITICAL) : ./logs/api_2025-01-05.log
api_2025-01-05.log critical supprimé (expiration 30 jours)
Impossible de supprimer le fichier (CRITICAL) : ./logs/api_2025-01-06.log
api_2025-01-06.log critical supprimé (expiration 30 jours)
Impossible de supprimer le fichier (CRITICAL) : ./logs/api_2025-01-07.log
api_2025-01-07.log critical supprimé (expiration 30 jours)
Impossible de supprimer le fichier (CRITICAL) : ./logs/api_2025-01-08.log
api_2025-01-08.log critical supprimé (expiration 30 jours)
Impossible de supprimer le fichier (CRITICAL) : ./logs/api_2025-01-10.log
api_2025-01-10.log critical supprimé (expiration 30 jours)
Impossible de supprimer le fichier (CRITICAL) : ./logs/api_2025-01-13.log
api_2025-01-13.log critical supprimé (expiration 30 jours)
Impossible de supprimer le fichier (CRITICAL) : ./logs/api_2025-01-14.log
api_2025-01-14.log critical supprimé (expiration 30 jours)
Impossible de supprimer le fichier (CRITICAL) : ./logs/api_2025-01-16.log
api_2025-01-16.log critical supprimé (expiration 30 jours)
Impossible de supprimer le fichier (CRITICAL) : ./logs/api_2025-01-21.log
api_2025-01-21.log critical supprimé (expiration 30 jours)
Impossible de supprimer le fichier (CRITICAL) : ./logs/api_2025-01-22.log
api_2025-01-22.log critical supprimé (expiration 30 jours)
Impossible de supprimer le fichier (CRITICAL) : ./logs/api_2025-01-24.log
api_2025-01-24.log critical supprimé (expiration 30 jours)
Impossible de supprimer le fichier (CRITICAL) : ./logs/api_2025-01-26.log
api_2025-01-26.log critical supprimé (expiration 30 jours)
Impossible de supprimer le fichier (CRITICAL) : ./logs/api_2025-01-27.log
api_2025-01-27.log critical supprimé (expiration 30 jours)
Impossible de supprimer le fichier (CRITICAL) : ./logs/api_2025-01-28.log
api_2025-01-28.log critical supprimé (expiration 30 jours)
Impossible de supprimer le fichier (CRITICAL) : ./logs/api_2025-01-30.log
api_2025-01-30.log critical supprimé (expiration 30 jours)
Impossible de supprimer le fichier (CRITICAL) : ./logs/api_2025-02-01.log
api_2025-02-01.log critical supprimé (expiration 30 jours)
Impossible de supprimer le fichier (CRITICAL) : ./logs/api_2025-02-02.log
api_2025-02-02.log critical supprimé (expiration 30 jours)
Impossible de supprimer le fichier (CRITICAL) : ./logs/api_2025-02-05.log
api_2025-02-05.log critical supprimé (expiration 30 jours)
Impossible de supprimer le fichier (CRITICAL) : ./logs/api_2025-02-07.log
api_2025-02-07.log critical supprimé (expiration 30 jours)
Impossible de supprimer le fichier (CRITICAL) : ./logs/api_2025-02-08.log
api_2025-02-08.log critical supprimé (expiration 30 jours)
Impossible de supprimer le fichier (CRITICAL) : ./logs/api_2025-02-10.log
api_2025-02-10.log critical supprimé (expiration 30 jours)
Impossible de supprimer le fichier (CRITICAL) : ./logs/api_2025-02-13.log
api_2025-02-13.log critical supprimé (expiration 30 jours)
Impossible de supprimer le fichier (CRITICAL) : ./logs/api_2025-02-14.log
api_2025-02-14.log critical supprimé (expiration 30 jours)
Impossible de supprimer le fichier (CRITICAL) : ./logs/api_2025-02-18.log
api_2025-02-18.log critical supprimé (expiration 30 jours)
Impossible de supprimer le fichier (CRITICAL) : ./logs/api_2025-02-21.log
api_2025-02-21.log critical supprimé (expiration 30 jours)
Impossible de supprimer le fichier (CRITICAL) : ./logs/api_2025-02-23.log
api_2025-02-23.log critical supprimé (expiration 30 jours)
Impossible de supprimer le fichier (CRITICAL) : ./logs/api_2025-02-24.log
api_2025-02-24.log critical supprimé (expiration 30 jours)
Impossible de supprimer le fichier (CRITICAL) : ./logs/api_2025-02-26.log
api_2025-02-26.log critical supprimé (expiration 30 jours)
Impossible de supprimer le fichier (CRITICAL) : ./logs/api_2025-02-27.log
api_2025-02-27.log critical supprimé (expiration 30 jours)
Impossible de supprimer le fichier (CRITICAL) : ./logs/api_2025-03-01.log
api_2025-03-01.log critical supprimé (expiration 30 jours)
Impossible de supprimer le fichier (CRITICAL) : ./logs/api_2025-03-05.log
api_2025-03-05.log critical supprimé (expiration 30 jours)
Impossible de supprimer le fichier (CRITICAL) : ./logs/api_2025-03-07.log
api_2025-03-07.log critical supprimé (expiration 30 jours)
Impossible de supprimer le fichier (CRITICAL) : ./logs/api_2025-03-09.log
api_2025-03-09.log critical supprimé (expiration 30 jours)
Impossible de supprimer le fichier (CRITICAL) : ./logs/api_2025-03-15.log
api_2025-03-15.log critical supprimé (expiration 30 jours)
Impossible de supprimer le fichier (CRITICAL) : ./logs/api_2025-03-16.log
api_2025-03-16.log critical supprimé (expiration 30 jours)
Impossible de supprimer le fichier (CRITICAL) : ./logs/api_2025-03-17.log
api_2025-03-17.log critical supprimé (expiration 30 jours)
Impossible de supprimer le fichier (CRITICAL) : ./logs/api_2025-03-19.log
api_2025-03-19.log critical supprimé (expiration 30 jours)
Impossible de supprimer le fichier (CRITICAL) : ./logs/api_2025-03-21.log
api_2025-03-21.log critical supprimé (expiration 30 jours)
Impossible de supprimer le fichier (CRITICAL) : ./logs/api_2025-03-23.log
api_2025-03-23.log critical supprimé (expiration 30 jours)
Impossible de supprimer le fichier (CRITICAL) : ./logs/api_2025-03-24.log
api_2025-03-24.log critical supprimé (expiration 30 jours)
Impossible de supprimer le fichier (CRITICAL) : ./logs/api_2025-03-27.log
api_2025-03-27.log critical supprimé (expiration 30 jours)
Impossible de supprimer le fichier (CRITICAL) : ./logs/api_2025-03-28.log
api_2025-03-28.log critical supprimé (expiration 30 jours)
Impossible de supprimer le fichier (CRITICAL) : ./logs/api_2025-03-29.log
api_2025-03-29.log critical supprimé (expiration 30 jours)
Impossible de supprimer le fichier (CRITICAL) : ./logs/api_2025-03-30.log
api_2025-03-30.log critical supprimé (expiration 30 jours)
Impossible de supprimer le fichier (CRITICAL) : ./logs/api_2025-04-01.log
api_2025-04-01.log critical supprimé (expiration 30 jours)
Impossible de supprimer le fichier (CRITICAL) : ./logs/api_2025-04-03.log
api_2025-04-03.log critical supprimé (expiration 30 jours)
Impossible de supprimer le fichier (CRITICAL) : ./logs/api_2025-04-05.log
api_2025-04-05.log critical supprimé (expiration 30 jours)
Impossible de supprimer le fichier (CRITICAL) : ./logs/api_2025-04-06.log
api_2025-04-06.log critical supprimé (expiration 30 jours)
Impossible de supprimer le fichier (CRITICAL) : ./logs/api_2025-04-08.log
api_2025-04-08.log critical supprimé (expiration 30 jours)
Impossible de supprimer le fichier (CRITICAL) : ./logs/api_2025-04-10.log
api_2025-04-10.log critical supprimé (expiration 30 jours)
Impossible de supprimer le fichier (CRITICAL) : ./logs/api_2025-04-11.log
api_2025-04-11.log critical supprimé (expiration 30 jours)
Impossible de supprimer le fichier (CRITICAL) : ./logs/api_2025-04-13.log
api_2025-04-13.log critical supprimé (expiration 30 jours)
Impossible de supprimer le fichier (CRITICAL) : ./logs/api_2025-04-14.log
api_2025-04-14.log critical supprimé (expiration 30 jours)
Impossible de supprimer le fichier (CRITICAL) : ./logs/api_2025-04-16.log
api_2025-04-16.log critical supprimé (expiration 30 jours)
Impossible de supprimer le fichier (CRITICAL) : ./logs/api_2025-04-22.log
api_2025-04-22.log critical supprimé (expiration 30 jours)
Impossible de supprimer le fichier (CRITICAL) : ./logs/api_2025-04-23.log
api_2025-04-23.log critical supprimé (expiration 30 jours)
Impossible de supprimer le fichier (CRITICAL) : ./logs/api_2025-04-27.log
api_2025-04-27.log critical supprimé (expiration 30 jours)
Impossible de supprimer le fichier (CRITICAL) : ./logs/api_2025-04-29.log
api_2025-04-29.log critical supprimé (expiration 30 jours)
Impossible de supprimer le fichier (CRITICAL) : ./logs/api_2025-04-30.log
api_2025-04-30.log critical supprimé (expiration 30 jours)
Impossible de supprimer le fichier (CRITICAL) : ./logs/api_2025-05-01.log
api_2025-05-01.log critical supprimé (expiration 30 jours)
Impossible de supprimer le fichier (CRITICAL) : ./logs/api_2025-05-04.log
api_2025-05-04.log critical supprimé (expiration 30 jours)
Impossible de supprimer le fichier (CRITICAL) : ./logs/api_2025-05-06.log
api_2025-05-06.log critical supprimé (expiration 30 jours)
Impossible de supprimer le fichier (CRITICAL) : ./logs/api_2025-05-08.log
api_2025-05-08.log critical supprimé (expiration 30 jours)
Impossible de supprimer le fichier (CRITICAL) : ./logs/api_2025-05-09.log
api_2025-05-09.log critical supprimé (expiration 30 jours)
Impossible de supprimer le fichier (CRITICAL) : ./logs/api_2025-05-10.log
api_2025-05-10.log critical supprimé (expiration 30 jours)
Impossible de supprimer le fichier (CRITICAL) : ./logs/api_2025-05-13.log
api_2025-05-13.log critical supprimé (expiration 30 jours)
Impossible de supprimer le fichier (CRITICAL) : ./logs/api_2025-05-14.log
api_2025-05-14.log critical supprimé (expiration 30 jours)
Impossible de supprimer le fichier (CRITICAL) : ./logs/api_2025-05-15.log
api_2025-05-15.log critical supprimé (expiration 30 jours)
Impossible de supprimer le fichier (CRITICAL) : ./logs/api_2025-05-18.log
api_2025-05-18.log critical supprimé (expiration 30 jours)
Impossible de supprimer le fichier (CRITICAL) : ./logs/api_2025-05-20.log
api_2025-05-20.log critical supprimé (expiration 30 jours)
Impossible de supprimer le fichier (CRITICAL) : ./logs/api_2025-05-22.log
api_2025-05-22.log critical supprimé (expiration 30 jours)
Impossible de supprimer le fichier (CRITICAL) : ./logs/api_2025-05-26.log
api_2025-05-26.log critical supprimé (expiration 30 jours)
Impossible de supprimer le fichier (CRITICAL) : ./logs/api_2025-05-27.log
api_2025-05-27.log critical supprimé (expiration 30 jours)
Impossible de supprimer le fichier (CRITICAL) : ./logs/api_2025-05-28.log
api_2025-05-28.log critical supprimé (expiration 30 jours)
Impossible de supprimer le fichier (CRITICAL) : ./logs/api_2025-05-29.log
api_2025-05-29.log critical supprimé (expiration 30 jours)
Impossible de supprimer le fichier (CRITICAL) : ./logs/api_2025-05-31.log
api_2025-05-31.log critical supprimé (expiration 30 jours)
Impossible de supprimer le fichier (CRITICAL) : ./logs/api_2025-06-01.log
api_2025-06-01.log critical supprimé (expiration 30 jours)
Impossible de supprimer le fichier (CRITICAL) : ./logs/api_2025-06-02.log
api_2025-06-02.log critical supprimé (expiration 30 jours)
Impossible de supprimer le fichier (CRITICAL) : ./logs/api_2025-06-03.log
api_2025-06-03.log critical supprimé (expiration 30 jours)
Impossible de supprimer le fichier (CRITICAL) : ./logs/api_2025-06-05.log
api_2025-06-05.log critical supprimé (expiration 30 jours)
Impossible de supprimer le fichier (CRITICAL) : ./logs/api_2025-06-06.log
api_2025-06-06.log critical supprimé (expiration 30 jours)
Impossible de supprimer le fichier (CRITICAL) : ./logs/api_2025-06-09.log
api_2025-06-09.log critical supprimé (expiration 30 jours)
Impossible de supprimer le fichier (CRITICAL) : ./logs/api_2025-06-15.log
api_2025-06-15.log critical supprimé (expiration 30 jours)
Impossible de supprimer le fichier (CRITICAL) : ./logs/api_2025-06-20.log
api_2025-06-20.log critical supprimé (expiration 30 jours)
Impossible de supprimer le fichier (CRITICAL) : ./logs/api_2025-06-23.log
api_2025-06-23.log critical supprimé (expiration 30 jours)
Impossible de supprimer le fichier (CRITICAL) : ./logs/api_2025-06-25.log
api_2025-06-25.log critical supprimé (expiration 30 jours)
Impossible de supprimer le fichier (CRITICAL) : ./logs/api_2025-06-26.log
api_2025-06-26.log critical supprimé (expiration 30 jours)
Impossible de supprimer le fichier (CRITICAL) : ./logs/api_2025-06-27.log
api_2025-06-27.log critical supprimé (expiration 30 jours)
Impossible de supprimer le fichier (CRITICAL) : ./logs/api_2025-06-30.log
api_2025-06-30.log critical supprimé (expiration 30 jours)
Impossible de supprimer le fichier (CRITICAL) : ./logs/api_2025-07-02.log
api_2025-07-02.log critical supprimé (expiration 30 jours)
Impossible de supprimer le fichier (CRITICAL) : ./logs/api_2025-07-04.log
api_2025-07-04.log critical supprimé (expiration 30 jours)
Impossible de supprimer le fichier (CRITICAL) : ./logs/api_2025-07-07.log
api_2025-07-07.log critical supprimé (expiration 30 jours)
Impossible de supprimer le fichier (CRITICAL) : ./logs/api_2025-07-08.log
api_2025-07-08.log critical supprimé (expiration 30 jours)
Impossible de supprimer le fichier (CRITICAL) : ./logs/api_2025-07-09.log
api_2025-07-09.log critical supprimé (expiration 30 jours)
Impossible de supprimer le fichier (CRITICAL) : ./logs/api_2025-07-12.log
api_2025-07-12.log critical supprimé (expiration 30 jours)
Impossible de supprimer le fichier (CRITICAL) : ./logs/api_2025-07-13.log
api_2025-07-13.log critical supprimé (expiration 30 jours)
Impossible de supprimer le fichier (CRITICAL) : ./logs/api_2025-07-17.log
api_2025-07-17.log critical supprimé (expiration 30 jours)
Impossible de supprimer le fichier (CRITICAL) : ./logs/api_2025-07-25.log
api_2025-07-25.log critical supprimé (expiration 30 jours)
Impossible de supprimer le fichier (CRITICAL) : ./logs/api_2025-07-26.log
api_2025-07-26.log critical supprimé (expiration 30 jours)
Impossible de supprimer le fichier (CRITICAL) : ./logs/api_2025-07-28.log
api_2025-07-28.log critical supprimé (expiration 30 jours)
Impossible de supprimer le fichier (CRITICAL) : ./logs/api_2025-07-31.log
api_2025-07-31.log critical supprimé (expiration 30 jours)
Impossible de supprimer le fichier (CRITICAL) : ./logs/api_2025-08-02.log
api_2025-08-02.log critical supprimé (expiration 30 jours)
Impossible de supprimer le fichier (CRITICAL) : ./logs/api_2025-08-04.log
api_2025-08-04.log critical supprimé (expiration 30 jours)
Impossible de supprimer le fichier (CRITICAL) : ./logs/api_2025-08-06.log
api_2025-08-06.log critical supprimé (expiration 30 jours)
Impossible de supprimer le fichier (CRITICAL) : ./logs/api_2025-08-07.log
api_2025-08-07.log critical supprimé (expiration 30 jours)
Impossible de supprimer le fichier (CRITICAL) : ./logs/api_2025-08-11.log
api_2025-08-11.log critical supprimé (expiration 30 jours)
Impossible de supprimer le fichier (CRITICAL) : ./logs/api_2025-08-12.log
api_2025-08-12.log critical supprimé (expiration 30 jours)
Impossible de supprimer le fichier (CRITICAL) : ./logs/api_2025-08-13.log
api_2025-08-13.log critical supprimé (expiration 30 jours)
Impossible de supprimer le fichier (CRITICAL) : ./logs/api_2025-08-14.log
api_2025-08-14.log critical supprimé (expiration 30 jours)
Impossible de supprimer le fichier (CRITICAL) : ./logs/api_2025-08-16.log
api_2025-08-16.log critical supprimé (expiration 30 jours)
Impossible de supprimer le fichier (CRITICAL) : ./logs/api_2025-08-17.log
api_2025-08-17.log critical supprimé (expiration 30 jours)
Impossible de supprimer le fichier (CRITICAL) : ./logs/api_2025-08-18.log
api_2025-08-18.log critical supprimé (expiration 30 jours)
Impossible de supprimer le fichier (CRITICAL) : ./logs/api_2025-08-20.log
api_2025-08-20.log critical supprimé (expiration 30 jours)
Impossible de supprimer le fichier (CRITICAL) : ./logs/api_2025-08-21.log
api_2025-08-21.log critical supprimé (expiration 30 jours)
Impossible de supprimer le fichier (CRITICAL) : ./logs/api_2025-08-23.log
api_2025-08-23.log critical supprimé (expiration 30 jours)
Impossible de supprimer le fichier (CRITICAL) : ./logs/api_2025-08-24.log
api_2025-08-24.log critical supprimé (expiration 30 jours)
Impossible de supprimer le fichier (CRITICAL) : ./logs/api_2025-08-25.log
api_2025-08-25.log critical supprimé (expiration 30 jours)
Impossible de supprimer le fichier (CRITICAL) : ./logs/api_2025-08-27.log
api_2025-08-27.log critical supprimé (expiration 30 jours)
Impossible de supprimer le fichier (CRITICAL) : ./logs/api_2025-09-03.log
api_2025-09-03.log critical supprimé (expiration 30 jours)
Impossible de supprimer le fichier (CRITICAL) : ./logs/api_2025-09-07.log
api_2025-09-07.log critical supprimé (expiration 30 jours)
Impossible de supprimer le fichier (CRITICAL) : ./logs/api_2025-09-12.log
api_2025-09-12.log critical supprimé (expiration 30 jours)
Impossible de supprimer le fichier (CRITICAL) : ./logs/api_2025-09-13.log
api_2025-09-13.log critical supprimé (expiration 30 jours)
Impossible de supprimer le fichier (CRITICAL) : ./logs/api_2025-09-16.log
api_2025-09-16.log critical supprimé (expiration 30 jours)
Impossible de supprimer le fichier (CRITICAL) : ./logs/api_2025-09-22.log
api_2025-09-22.log critical supprimé (expiration 30 jours)
Impossible de supprimer le fichier (CRITICAL) : ./logs/api_2025-09-26.log
api_2025-09-26.log critical supprimé (expiration 30 jours)
Impossible de supprimer le fichier (CRITICAL) : ./logs/api_2025-09-28.log
api_2025-09-28.log critical supprimé (expiration 30 jours)
Impossible de supprimer le fichier (CRITICAL) : ./logs/api_2025-10-02.log
api_2025-10-02.log critical supprimé (expiration 30 jours)
Impossible de supprimer le fichier (CRITICAL) : ./logs/api_2025-10-04.log
api_2025-10-04.log critical supprimé (expiration 30 jours)
Impossible de supprimer le fichier (CRITICAL) : ./logs/api_2025-10-05.log
api_2025-10-05.log critical supprimé (expiration 30 jours)
Impossible de supprimer le fichier (CRITICAL) : ./logs/api_2025-10-06.log
api_2025-10-06.log critical supprimé (expiration 30 jours)
Impossible de supprimer le fichier (CRITICAL) : ./logs/api_2025-10-08.log
api_2025-10-08.log critical supprimé (expiration 30 jours)
Impossible de supprimer le fichier (CRITICAL) : ./logs/api_2025-10-09.log
api_2025-10-09.log critical supprimé (expiration 30 jours)
Impossible de supprimer le fichier (CRITICAL) : ./logs/api_2025-10-10.log
api_2025-10-10.log critical supprimé (expiration 30 jours)
Impossible de supprimer le fichier (CRITICAL) : ./logs/api_2025-10-11.log
api_2025-10-11.log critical supprimé (expiration 30 jours)
Impossible de supprimer le fichier (CRITICAL) : ./logs/api_2025-10-16.log
api_2025-10-16.log critical supprimé (expiration 30 jours)
Impossible de supprimer le fichier (CRITICAL) : ./logs/api_2025-10-17.log
api_2025-10-17.log critical supprimé (expiration 30 jours)
Impossible de supprimer le fichier (CRITICAL) : ./logs/api_2025-10-19.log
api_2025-10-19.log critical supprimé (expiration 30 jours)
Impossible de supprimer le fichier (CRITICAL) : ./logs/api_2025-10-20.log
api_2025-10-20.log critical supprimé (expiration 30 jours)
Impossible de supprimer le fichier (CRITICAL) : ./logs/api_2025-10-21.log
api_2025-10-21.log critical supprimé (expiration 30 jours)
Impossible de supprimer le fichier (CRITICAL) : ./logs/api_2025-10-25.log
api_2025-10-25.log critical supprimé (expiration 30 jours)
Impossible de supprimer le fichier (CRITICAL) : ./logs/api_2025-10-31.log
api_2025-10-31.log critical supprimé (expiration 30 jours)
Impossible de supprimer le fichier (CRITICAL) : ./logs/api_2025-11-01.log
api_2025-11-01.log critical supprimé (expiration 30 jours)
Impossible de supprimer le fichier (CRITICAL) : ./logs/api_2025-11-02.log
api_2025-11-02.log critical supprimé (expiration 30 jours)
Impossible de supprimer le fichier (CRITICAL) : ./logs/api_2025-11-04.log
api_2025-11-04.log critical supprimé (expiration 30 jours)
Impossible de supprimer le fichier (CRITICAL) : ./logs/api_2025-11-12.log
api_2025-11-12.log critical supprimé (expiration 30 jours)
Impossible de supprimer le fichier (CRITICAL) : ./logs/api_2025-11-13.log
api_2025-11-13.log critical supprimé (expiration 30 jours)
Impossible de supprimer le fichier (CRITICAL) : ./logs/api_2025-11-16.log
api_2025-11-16.log critical supprimé (expiration 30 jours)
Impossible de supprimer le fichier (CRITICAL) : ./logs/api_2025-11-20.log
api_2025-11-20.log critical supprimé (expiration 30 jours)
Impossible de supprimer le fichier (CRITICAL) : ./logs/api_2025-11-22.log
api_2025-11-22.log critical supprimé (expiration 30 jours)
Impossible de supprimer le fichier (CRITICAL) : ./logs/api_2025-11-23.log
api_2025-11-23.log critical supprimé (expiration 30 jours)
Impossible de supprimer le fichier (CRITICAL) : ./logs/api_2025-11-25.log
api_2025-11-25.log critical supprimé (expiration 30 jours)
Impossible de supprimer le fichier (CRITICAL) : ./logs/api_2025-11-27.log
api_2025-11-27.log critical supprimé (expiration 30 jours)
Impossible de supprimer le fichier (CRITICAL) : ./logs/api_2025-11-28.log
api_2025-11-28.log critical supprimé (expiration 30 jours)
Impossible de supprimer le fichier (CRITICAL) : ./logs/api_2025-12-08.log
api_2025-12-08.log critical supprimé (expiration 30 jours)
Impossible de supprimer le fichier (CRITICAL) : ./logs/api_2025-12-09.log
api_2025-12-09.log critical supprimé (expiration 30 jours)
Impossible de supprimer le fichier (CRITICAL) : ./logs/api_2025-12-10.log
api_2025-12-10.log critical supprimé (expiration 30 jours)
Impossible de supprimer le fichier (CRITICAL) : ./logs/api_2025-12-13.log
api_2025-12-13.log critical supprimé (expiration 30 jours)
Impossible de supprimer le fichier (CRITICAL) : ./logs/api_2025-12-17.log
api_2025-12-17.log critical supprimé (expiration 30 jours)
Impossible de supprimer le fichier (CRITICAL) : ./logs/api_2025-12-18.log
api_2025-12-18.log critical supprimé (expiration 30 jours)
Impossible de supprimer le fichier (CRITICAL) : ./logs/api_2025-12-19.log
api_2025-12-19.log critical supprimé (expiration 30 jours)
Impossible de supprimer le fichier (CRITICAL) : ./logs/api_2025-12-21.log
Impossible de supprimer le fichier (CRITICAL) : ./logs/api_2025-12-22.log
Impossible de supprimer le fichier (CRITICAL) : ./logs/api_2025-12-26.log
Impossible de supprimer le fichier (CRITICAL) : ./logs/api_2025-12-27.log
Impossible de supprimer le fichier (CRITICAL) : ./logs/api_2025-12-30.log
Impossible de supprimer le fichier (CRITICAL) : ./logs/api_2025-12-31.log
Impossible de supprimer le fichier (CRITICAL) : ./logs/api_2026-01-01.log
Impossible de supprimer le fichier (CRITICAL) : ./logs/api_2026-01-02.log
Impossible de supprimer le fichier (CRITICAL) : ./logs/api_2026-01-03.log
Impossible de supprimer le fichier (CRITICAL) : ./logs/api_2026-01-05.log
Impossible de supprimer le fichier (CRITICAL) : ./logs/api_2026-01-07.log
Impossible de supprimer le fichier (CRITICAL) : ./logs/api_2026-01-08.log
api_2026-01-12.log n'est pas vieux de 7 jours
api_2026-01-13.log n'est pas vieux de 7 jours
api_2026-01-14.log n'est pas vieux de 7 jours
api_2026-01-15.log n'est pas vieux de 7 jours
api_2026-01-16.log n'est pas vieux de 7 jours
api_2026-01-17.log n'est pas vieux de 7 jours
api_2026-01-18.log n'est pas vieux de 7 jours
api_2026-01-19.log n'est pas vieux de 7 jours
Impossible de supprimer le fichier (CRITICAL) : ./logs/auth_2024-12-21.log
auth_2024-12-21.log critical supprimé (expiration 30 jours)
Impossible de supprimer le fichier (CRITICAL) : ./logs/auth_2024-12-23.log
auth_2024-12-23.log critical supprimé (expiration 30 jours)
Impossible de supprimer le fichier (CRITICAL) : ./logs/auth_2024-12-26.log
auth_2024-12-26.log critical supprimé (expiration 30 jours)
Impossible de supprimer le fichier (CRITICAL) : ./logs/auth_2024-12-27.log
auth_2024-12-27.log critical supprimé (expiration 30 jours)
Impossible de supprimer le fichier (CRITICAL) : ./logs/auth_2024-12-28.log
auth_2024-12-28.log critical supprimé (expiration 30 jours)
Impossible de supprimer le fichier (CRITICAL) : ./logs/auth_2024-12-29.log
auth_2024-12-29.log critical supprimé (expiration 30 jours)
Impossible de supprimer le fichier (CRITICAL) : ./logs/auth_2025-01-01.log
auth_2025-01-01.log critical supprimé (expiration 30 jours)
Impossible de supprimer le fichier (CRITICAL) : ./logs/auth_2025-01-05.log
auth_2025-01-05.log critical supprimé (expiration 30 jours)
Impossible de supprimer le fichier (CRITICAL) : ./logs/auth_2025-01-06.log
auth_2025-01-06.log critical supprimé (expiration 30 jours)
Impossible de supprimer le fichier (CRITICAL) : ./logs/auth_2025-01-09.log
auth_2025-01-09.log critical supprimé (expiration 30 jours)
Impossible de supprimer le fichier (CRITICAL) : ./logs/auth_2025-01-13.log
auth_2025-01-13.log critical supprimé (expiration 30 jours)
Impossible de supprimer le fichier (CRITICAL) : ./logs/auth_2025-01-14.log
auth_2025-01-14.log critical supprimé (expiration 30 jours)
Impossible de supprimer le fichier (CRITICAL) : ./logs/auth_2025-01-15.log
auth_2025-01-15.log critical supprimé (expiration 30 jours)
Impossible de supprimer le fichier (CRITICAL) : ./logs/auth_2025-01-18.log
auth_2025-01-18.log critical supprimé (expiration 30 jours)
Impossible de supprimer le fichier (CRITICAL) : ./logs/auth_2025-01-20.log
auth_2025-01-20.log critical supprimé (expiration 30 jours)
Impossible de supprimer le fichier (CRITICAL) : ./logs/auth_2025-01-25.log
auth_2025-01-25.log critical supprimé (expiration 30 jours)
Impossible de supprimer le fichier (CRITICAL) : ./logs/auth_2025-01-26.log
auth_2025-01-26.log critical supprimé (expiration 30 jours)
Impossible de supprimer le fichier (CRITICAL) : ./logs/auth_2025-01-27.log
auth_2025-01-27.log critical supprimé (expiration 30 jours)
Impossible de supprimer le fichier (CRITICAL) : ./logs/auth_2025-01-31.log
auth_2025-01-31.log critical supprimé (expiration 30 jours)
Impossible de supprimer le fichier (CRITICAL) : ./logs/auth_2025-02-01.log
auth_2025-02-01.log critical supprimé (expiration 30 jours)
Impossible de supprimer le fichier (CRITICAL) : ./logs/auth_2025-02-02.log
auth_2025-02-02.log critical supprimé (expiration 30 jours)
Impossible de supprimer le fichier (CRITICAL) : ./logs/auth_2025-02-04.log
auth_2025-02-04.log critical supprimé (expiration 30 jours)
Impossible de supprimer le fichier (CRITICAL) : ./logs/auth_2025-02-08.log
auth_2025-02-08.log critical supprimé (expiration 30 jours)
Impossible de supprimer le fichier (CRITICAL) : ./logs/auth_2025-02-10.log
auth_2025-02-10.log critical supprimé (expiration 30 jours)
Impossible de supprimer le fichier (CRITICAL) : ./logs/auth_2025-02-11.log
auth_2025-02-11.log critical supprimé (expiration 30 jours)
Impossible de supprimer le fichier (CRITICAL) : ./logs/auth_2025-02-14.log
auth_2025-02-14.log critical supprimé (expiration 30 jours)
Impossible de supprimer le fichier (CRITICAL) : ./logs/auth_2025-02-16.log
auth_2025-02-16.log critical supprimé (expiration 30 jours)
Impossible de supprimer le fichier (CRITICAL) : ./logs/auth_2025-02-17.log
auth_2025-02-17.log critical supprimé (expiration 30 jours)
Impossible de supprimer le fichier (CRITICAL) : ./logs/auth_2025-02-21.log
auth_2025-02-21.log critical supprimé (expiration 30 jours)
Impossible de supprimer le fichier (CRITICAL) : ./logs/auth_2025-02-22.log
auth_2025-02-22.log critical supprimé (expiration 30 jours)
Impossible de supprimer le fichier (CRITICAL) : ./logs/auth_2025-02-23.log
auth_2025-02-23.log critical supprimé (expiration 30 jours)
Impossible de supprimer le fichier (CRITICAL) : ./logs/auth_2025-02-24.log
auth_2025-02-24.log critical supprimé (expiration 30 jours)
Impossible de supprimer le fichier (CRITICAL) : ./logs/auth_2025-02-26.log
auth_2025-02-26.log critical supprimé (expiration 30 jours)
Impossible de supprimer le fichier (CRITICAL) : ./logs/auth_2025-03-01.log
auth_2025-03-01.log critical supprimé (expiration 30 jours)
Impossible de supprimer le fichier (CRITICAL) : ./logs/auth_2025-03-03.log
auth_2025-03-03.log critical supprimé (expiration 30 jours)
Impossible de supprimer le fichier (CRITICAL) : ./logs/auth_2025-03-07.log
auth_2025-03-07.log critical supprimé (expiration 30 jours)
Impossible de supprimer le fichier (CRITICAL) : ./logs/auth_2025-03-08.log
auth_2025-03-08.log critical supprimé (expiration 30 jours)
Impossible de supprimer le fichier (CRITICAL) : ./logs/auth_2025-03-09.log
auth_2025-03-09.log critical supprimé (expiration 30 jours)
Impossible de supprimer le fichier (CRITICAL) : ./logs/auth_2025-03-10.log
auth_2025-03-10.log critical supprimé (expiration 30 jours)
Impossible de supprimer le fichier (CRITICAL) : ./logs/auth_2025-03-12.log
auth_2025-03-12.log critical supprimé (expiration 30 jours)
Impossible de supprimer le fichier (CRITICAL) : ./logs/auth_2025-03-13.log
auth_2025-03-13.log critical supprimé (expiration 30 jours)
Impossible de supprimer le fichier (CRITICAL) : ./logs/auth_2025-03-14.log
auth_2025-03-14.log critical supprimé (expiration 30 jours)
Impossible de supprimer le fichier (CRITICAL) : ./logs/auth_2025-03-15.log
auth_2025-03-15.log critical supprimé (expiration 30 jours)
Impossible de supprimer le fichier (CRITICAL) : ./logs/auth_2025-03-17.log
auth_2025-03-17.log critical supprimé (expiration 30 jours)
Impossible de supprimer le fichier (CRITICAL) : ./logs/auth_2025-03-20.log
auth_2025-03-20.log critical supprimé (expiration 30 jours)
Impossible de supprimer le fichier (CRITICAL) : ./logs/auth_2025-03-21.log
auth_2025-03-21.log critical supprimé (expiration 30 jours)
Impossible de supprimer le fichier (CRITICAL) : ./logs/auth_2025-03-22.log
auth_2025-03-22.log critical supprimé (expiration 30 jours)
Impossible de supprimer le fichier (CRITICAL) : ./logs/auth_2025-03-27.log
auth_2025-03-27.log critical supprimé (expiration 30 jours)
Impossible de supprimer le fichier (CRITICAL) : ./logs/auth_2025-03-30.log
auth_2025-03-30.log critical supprimé (expiration 30 jours)
Impossible de supprimer le fichier (CRITICAL) : ./logs/auth_2025-04-04.log
auth_2025-04-04.log critical supprimé (expiration 30 jours)
Impossible de supprimer le fichier (CRITICAL) : ./logs/auth_2025-04-06.log
auth_2025-04-06.log critical supprimé (expiration 30 jours)
Impossible de supprimer le fichier (CRITICAL) : ./logs/auth_2025-04-07.log
auth_2025-04-07.log critical supprimé (expiration 30 jours)
Impossible de supprimer le fichier (CRITICAL) : ./logs/auth_2025-04-11.log
auth_2025-04-11.log critical supprimé (expiration 30 jours)
Impossible de supprimer le fichier (CRITICAL) : ./logs/auth_2025-04-14.log
auth_2025-04-14.log critical supprimé (expiration 30 jours)
Impossible de supprimer le fichier (CRITICAL) : ./logs/auth_2025-04-21.log
auth_2025-04-21.log critical supprimé (expiration 30 jours)
Impossible de supprimer le fichier (CRITICAL) : ./logs/auth_2025-04-24.log
auth_2025-04-24.log critical supprimé (expiration 30 jours)
Impossible de supprimer le fichier (CRITICAL) : ./logs/auth_2025-04-26.log
auth_2025-04-26.log critical supprimé (expiration 30 jours)
Impossible de supprimer le fichier (CRITICAL) : ./logs/auth_2025-05-06.log
auth_2025-05-06.log critical supprimé (expiration 30 jours)
Impossible de supprimer le fichier (CRITICAL) : ./logs/auth_2025-05-08.log
auth_2025-05-08.log critical supprimé (expiration 30 jours)
Impossible de supprimer le fichier (CRITICAL) : ./logs/auth_2025-05-14.log
auth_2025-05-14.log critical supprimé (expiration 30 jours)
Impossible de supprimer le fichier (CRITICAL) : ./logs/auth_2025-05-15.log
auth_2025-05-15.log critical supprimé (expiration 30 jours)
Impossible de supprimer le fichier (CRITICAL) : ./logs/auth_2025-05-16.log
auth_2025-05-16.log critical supprimé (expiration 30 jours)
Impossible de supprimer le fichier (CRITICAL) : ./logs/auth_2025-05-19.log
auth_2025-05-19.log critical supprimé (expiration 30 jours)
Impossible de supprimer le fichier (CRITICAL) : ./logs/auth_2025-05-21.log
auth_2025-05-21.log critical supprimé (expiration 30 jours)
Impossible de supprimer le fichier (CRITICAL) : ./logs/auth_2025-05-24.log
auth_2025-05-24.log critical supprimé (expiration 30 jours)
Impossible de supprimer le fichier (CRITICAL) : ./logs/auth_2025-05-25.log
auth_2025-05-25.log critical supprimé (expiration 30 jours)
Impossible de supprimer le fichier (CRITICAL) : ./logs/auth_2025-05-29.log
auth_2025-05-29.log critical supprimé (expiration 30 jours)
Impossible de supprimer le fichier (CRITICAL) : ./logs/auth_2025-06-01.log
auth_2025-06-01.log critical supprimé (expiration 30 jours)
Impossible de supprimer le fichier (CRITICAL) : ./logs/auth_2025-06-04.log
auth_2025-06-04.log critical supprimé (expiration 30 jours)
Impossible de supprimer le fichier (CRITICAL) : ./logs/auth_2025-06-05.log
auth_2025-06-05.log critical supprimé (expiration 30 jours)
Impossible de supprimer le fichier (CRITICAL) : ./logs/auth_2025-06-07.log
auth_2025-06-07.log critical supprimé (expiration 30 jours)
Impossible de supprimer le fichier (CRITICAL) : ./logs/auth_2025-06-10.log
auth_2025-06-10.log critical supprimé (expiration 30 jours)
Impossible de supprimer le fichier (CRITICAL) : ./logs/auth_2025-06-13.log
auth_2025-06-13.log critical supprimé (expiration 30 jours)
Impossible de supprimer le fichier (CRITICAL) : ./logs/auth_2025-06-14.log
auth_2025-06-14.log critical supprimé (expiration 30 jours)
Impossible de supprimer le fichier (CRITICAL) : ./logs/auth_2025-06-15.log
auth_2025-06-15.log critical supprimé (expiration 30 jours)
Impossible de supprimer le fichier (CRITICAL) : ./logs/auth_2025-06-16.log
auth_2025-06-16.log critical supprimé (expiration 30 jours)
Impossible de supprimer le fichier (CRITICAL) : ./logs/auth_2025-06-22.log
auth_2025-06-22.log critical supprimé (expiration 30 jours)
Impossible de supprimer le fichier (CRITICAL) : ./logs/auth_2025-06-28.log
auth_2025-06-28.log critical supprimé (expiration 30 jours)
Impossible de supprimer le fichier (CRITICAL) : ./logs/auth_2025-06-29.log
auth_2025-06-29.log critical supprimé (expiration 30 jours)
Impossible de supprimer le fichier (CRITICAL) : ./logs/auth_2025-07-01.log
auth_2025-07-01.log critical supprimé (expiration 30 jours)
Impossible de supprimer le fichier (CRITICAL) : ./logs/auth_2025-07-02.log
auth_2025-07-02.log critical supprimé (expiration 30 jours)
Impossible de supprimer le fichier (CRITICAL) : ./logs/auth_2025-07-03.log
auth_2025-07-03.log critical supprimé (expiration 30 jours)
Impossible de supprimer le fichier (CRITICAL) : ./logs/auth_2025-07-04.log
auth_2025-07-04.log critical supprimé (expiration 30 jours)
Impossible de supprimer le fichier (CRITICAL) : ./logs/auth_2025-07-06.log
auth_2025-07-06.log critical supprimé (expiration 30 jours)
Impossible de supprimer le fichier (CRITICAL) : ./logs/auth_2025-07-12.log
auth_2025-07-12.log critical supprimé (expiration 30 jours)
Impossible de supprimer le fichier (CRITICAL) : ./logs/auth_2025-07-16.log
auth_2025-07-16.log critical supprimé (expiration 30 jours)
Impossible de supprimer le fichier (CRITICAL) : ./logs/auth_2025-07-18.log
auth_2025-07-18.log critical supprimé (expiration 30 jours)
Impossible de supprimer le fichier (CRITICAL) : ./logs/auth_2025-07-19.log
auth_2025-07-19.log critical supprimé (expiration 30 jours)
Impossible de supprimer le fichier (CRITICAL) : ./logs/auth_2025-07-21.log
auth_2025-07-21.log critical supprimé (expiration 30 jours)
Impossible de supprimer le fichier (CRITICAL) : ./logs/auth_2025-07-24.log
auth_2025-07-24.log critical supprimé (expiration 30 jours)
Impossible de supprimer le fichier (CRITICAL) : ./logs/auth_2025-07-27.log
auth_2025-07-27.log critical supprimé (expiration 30 jours)
Impossible de supprimer le fichier (CRITICAL) : ./logs/auth_2025-07-30.log
auth_2025-07-30.log critical supprimé (expiration 30 jours)
Impossible de supprimer le fichier (CRITICAL) : ./logs/auth_2025-08-02.log
auth_2025-08-02.log critical supprimé (expiration 30 jours)
Impossible de supprimer le fichier (CRITICAL) : ./logs/auth_2025-08-06.log
auth_2025-08-06.log critical supprimé (expiration 30 jours)
Impossible de supprimer le fichier (CRITICAL) : ./logs/auth_2025-08-09.log
auth_2025-08-09.log critical supprimé (expiration 30 jours)
Impossible de supprimer le fichier (CRITICAL) : ./logs/auth_2025-08-10.log
auth_2025-08-10.log critical supprimé (expiration 30 jours)
Impossible de supprimer le fichier (CRITICAL) : ./logs/auth_2025-08-13.log
auth_2025-08-13.log critical supprimé (expiration 30 jours)
Impossible de supprimer le fichier (CRITICAL) : ./logs/auth_2025-08-15.log
auth_2025-08-15.log critical supprimé (expiration 30 jours)
Impossible de supprimer le fichier (CRITICAL) : ./logs/auth_2025-08-16.log
auth_2025-08-16.log critical supprimé (expiration 30 jours)
Impossible de supprimer le fichier (CRITICAL) : ./logs/auth_2025-08-17.log
auth_2025-08-17.log critical supprimé (expiration 30 jours)
Impossible de supprimer le fichier (CRITICAL) : ./logs/auth_2025-08-18.log
auth_2025-08-18.log critical supprimé (expiration 30 jours)
Impossible de supprimer le fichier (CRITICAL) : ./logs/auth_2025-08-22.log
auth_2025-08-22.log critical supprimé (expiration 30 jours)
Impossible de supprimer le fichier (CRITICAL) : ./logs/auth_2025-08-25.log
auth_2025-08-25.log critical supprimé (expiration 30 jours)
Impossible de supprimer le fichier (CRITICAL) : ./logs/auth_2025-08-27.log
auth_2025-08-27.log critical supprimé (expiration 30 jours)
Impossible de supprimer le fichier (CRITICAL) : ./logs/auth_2025-08-28.log
auth_2025-08-28.log critical supprimé (expiration 30 jours)
Impossible de supprimer le fichier (CRITICAL) : ./logs/auth_2025-08-31.log
auth_2025-08-31.log critical supprimé (expiration 30 jours)
Impossible de supprimer le fichier (CRITICAL) : ./logs/auth_2025-09-04.log
auth_2025-09-04.log critical supprimé (expiration 30 jours)
Impossible de supprimer le fichier (CRITICAL) : ./logs/auth_2025-09-06.log
auth_2025-09-06.log critical supprimé (expiration 30 jours)
Impossible de supprimer le fichier (CRITICAL) : ./logs/auth_2025-09-07.log
auth_2025-09-07.log critical supprimé (expiration 30 jours)
Impossible de supprimer le fichier (CRITICAL) : ./logs/auth_2025-09-10.log
auth_2025-09-10.log critical supprimé (expiration 30 jours)
Impossible de supprimer le fichier (CRITICAL) : ./logs/auth_2025-09-11.log
auth_2025-09-11.log critical supprimé (expiration 30 jours)
Impossible de supprimer le fichier (CRITICAL) : ./logs/auth_2025-09-12.log
auth_2025-09-12.log critical supprimé (expiration 30 jours)
Impossible de supprimer le fichier (CRITICAL) : ./logs/auth_2025-09-14.log
auth_2025-09-14.log critical supprimé (expiration 30 jours)
Impossible de supprimer le fichier (CRITICAL) : ./logs/auth_2025-09-15.log
auth_2025-09-15.log critical supprimé (expiration 30 jours)
Impossible de supprimer le fichier (CRITICAL) : ./logs/auth_2025-09-19.log
auth_2025-09-19.log critical supprimé (expiration 30 jours)
Impossible de supprimer le fichier (CRITICAL) : ./logs/auth_2025-09-20.log
auth_2025-09-20.log critical supprimé (expiration 30 jours)
Impossible de supprimer le fichier (CRITICAL) : ./logs/auth_2025-09-23.log
auth_2025-09-23.log critical supprimé (expiration 30 jours)
Impossible de supprimer le fichier (CRITICAL) : ./logs/auth_2025-09-26.log
auth_2025-09-26.log critical supprimé (expiration 30 jours)
Impossible de supprimer le fichier (CRITICAL) : ./logs/auth_2025-09-27.log
auth_2025-09-27.log critical supprimé (expiration 30 jours)
Impossible de supprimer le fichier (CRITICAL) : ./logs/auth_2025-09-28.log
auth_2025-09-28.log critical supprimé (expiration 30 jours)
Impossible de supprimer le fichier (CRITICAL) : ./logs/auth_2025-09-29.log
auth_2025-09-29.log critical supprimé (expiration 30 jours)
Impossible de supprimer le fichier (CRITICAL) : ./logs/auth_2025-09-30.log
auth_2025-09-30.log critical supprimé (expiration 30 jours)
Impossible de supprimer le fichier (CRITICAL) : ./logs/auth_2025-10-03.log
auth_2025-10-03.log critical supprimé (expiration 30 jours)
Impossible de supprimer le fichier (CRITICAL) : ./logs/auth_2025-10-04.log
auth_2025-10-04.log critical supprimé (expiration 30 jours)
Impossible de supprimer le fichier (CRITICAL) : ./logs/auth_2025-10-05.log
auth_2025-10-05.log critical supprimé (expiration 30 jours)
Impossible de supprimer le fichier (CRITICAL) : ./logs/auth_2025-10-06.log
auth_2025-10-06.log critical supprimé (expiration 30 jours)
Impossible de supprimer le fichier (CRITICAL) : ./logs/auth_2025-10-13.log
auth_2025-10-13.log critical supprimé (expiration 30 jours)
Impossible de supprimer le fichier (CRITICAL) : ./logs/auth_2025-10-16.log
auth_2025-10-16.log critical supprimé (expiration 30 jours)
Impossible de supprimer le fichier (CRITICAL) : ./logs/auth_2025-10-18.log
auth_2025-10-18.log critical supprimé (expiration 30 jours)
Impossible de supprimer le fichier (CRITICAL) : ./logs/auth_2025-10-21.log
auth_2025-10-21.log critical supprimé (expiration 30 jours)
Impossible de supprimer le fichier (CRITICAL) : ./logs/auth_2025-10-24.log
auth_2025-10-24.log critical supprimé (expiration 30 jours)
Impossible de supprimer le fichier (CRITICAL) : ./logs/auth_2025-10-29.log
auth_2025-10-29.log critical supprimé (expiration 30 jours)
Impossible de supprimer le fichier (CRITICAL) : ./logs/auth_2025-10-31.log
auth_2025-10-31.log critical supprimé (expiration 30 jours)
Impossible de supprimer le fichier (CRITICAL) : ./logs/auth_2025-11-02.log
auth_2025-11-02.log critical supprimé (expiration 30 jours)
Impossible de supprimer le fichier (CRITICAL) : ./logs/auth_2025-11-06.log
auth_2025-11-06.log critical supprimé (expiration 30 jours)
Impossible de supprimer le fichier (CRITICAL) : ./logs/auth_2025-11-09.log
auth_2025-11-09.log critical supprimé (expiration 30 jours)
Impossible de supprimer le fichier (CRITICAL) : ./logs/auth_2025-11-10.log
auth_2025-11-10.log critical supprimé (expiration 30 jours)
Impossible de supprimer le fichier (CRITICAL) : ./logs/auth_2025-11-12.log
auth_2025-11-12.log critical supprimé (expiration 30 jours)
Impossible de supprimer le fichier (CRITICAL) : ./logs/auth_2025-11-13.log
auth_2025-11-13.log critical supprimé (expiration 30 jours)
Impossible de supprimer le fichier (CRITICAL) : ./logs/auth_2025-11-15.log
auth_2025-11-15.log critical supprimé (expiration 30 jours)
Impossible de supprimer le fichier (CRITICAL) : ./logs/auth_2025-11-17.log
auth_2025-11-17.log critical supprimé (expiration 30 jours)
Impossible de supprimer le fichier (CRITICAL) : ./logs/auth_2025-11-18.log
auth_2025-11-18.log critical supprimé (expiration 30 jours)
Impossible de supprimer le fichier (CRITICAL) : ./logs/auth_2025-11-19.log
auth_2025-11-19.log critical supprimé (expiration 30 jours)
Impossible de supprimer le fichier (CRITICAL) : ./logs/auth_2025-11-21.log
auth_2025-11-21.log critical supprimé (expiration 30 jours)
Impossible de supprimer le fichier (CRITICAL) : ./logs/auth_2025-11-25.log
auth_2025-11-25.log critical supprimé (expiration 30 jours)
Impossible de supprimer le fichier (CRITICAL) : ./logs/auth_2025-11-27.log
auth_2025-11-27.log critical supprimé (expiration 30 jours)
Impossible de supprimer le fichier (CRITICAL) : ./logs/auth_2025-11-28.log
auth_2025-11-28.log critical supprimé (expiration 30 jours)
Impossible de supprimer le fichier (CRITICAL) : ./logs/auth_2025-11-29.log
auth_2025-11-29.log critical supprimé (expiration 30 jours)
Impossible de supprimer le fichier (CRITICAL) : ./logs/auth_2025-12-02.log
auth_2025-12-02.log critical supprimé (expiration 30 jours)
Impossible de supprimer le fichier (CRITICAL) : ./logs/auth_2025-12-03.log
auth_2025-12-03.log critical supprimé (expiration 30 jours)
Impossible de supprimer le fichier (CRITICAL) : ./logs/auth_2025-12-04.log
auth_2025-12-04.log critical supprimé (expiration 30 jours)
Impossible de supprimer le fichier (CRITICAL) : ./logs/auth_2025-12-07.log
auth_2025-12-07.log critical supprimé (expiration 30 jours)
Impossible de supprimer le fichier (CRITICAL) : ./logs/auth_2025-12-08.log
auth_2025-12-08.log critical supprimé (expiration 30 jours)
Impossible de supprimer le fichier (CRITICAL) : ./logs/auth_2025-12-13.log
auth_2025-12-13.log critical supprimé (expiration 30 jours)
Impossible de supprimer le fichier (CRITICAL) : ./logs/auth_2025-12-14.log
auth_2025-12-14.log critical supprimé (expiration 30 jours)
Impossible de supprimer le fichier (CRITICAL) : ./logs/auth_2025-12-16.log
auth_2025-12-16.log critical supprimé (expiration 30 jours)
Impossible de supprimer le fichier (CRITICAL) : ./logs/auth_2025-12-17.log
auth_2025-12-17.log critical supprimé (expiration 30 jours)
Impossible de supprimer le fichier (CRITICAL) : ./logs/auth_2025-12-19.log
auth_2025-12-19.log critical supprimé (expiration 30 jours)
Impossible de supprimer le fichier (CRITICAL) : ./logs/auth_2025-12-20.log
Impossible de supprimer le fichier (CRITICAL) : ./logs/auth_2025-12-21.log
Impossible de supprimer le fichier (CRITICAL) : ./logs/auth_2025-12-22.log
Impossible de supprimer le fichier (CRITICAL) : ./logs/auth_2025-12-23.log
Impossible de supprimer le fichier (CRITICAL) : ./logs/auth_2025-12-27.log
Impossible de supprimer le fichier (CRITICAL) : ./logs/auth_2025-12-28.log
Impossible de supprimer le fichier (CRITICAL) : ./logs/auth_2025-12-29.log
Impossible de supprimer le fichier (CRITICAL) : ./logs/auth_2025-12-30.log
Impossible de supprimer le fichier (CRITICAL) : ./logs/auth_2026-01-01.log
Impossible de supprimer le fichier (CRITICAL) : ./logs/auth_2026-01-02.log
Impossible de supprimer le fichier (CRITICAL) : ./logs/auth_2026-01-04.log
Impossible de supprimer le fichier (CRITICAL) : ./logs/auth_2026-01-09.log
Impossible de supprimer le fichier (CRITICAL) : ./logs/auth_2026-01-10.log
Impossible de supprimer le fichier (CRITICAL) : ./logs/auth_2026-01-11.log
auth_2026-01-12.log n'est pas vieux de 7 jours
auth_2026-01-13.log n'est pas vieux de 7 jours
auth_2026-01-14.log n'est pas vieux de 7 jours
auth_2026-01-15.log n'est pas vieux de 7 jours
auth_2026-01-16.log n'est pas vieux de 7 jours
auth_2026-01-17.log n'est pas vieux de 7 jours
auth_2026-01-18.log n'est pas vieux de 7 jours
auth_2026-01-19.log n'est pas vieux de 7 jours
Impossible de supprimer le fichier (CRITICAL) : ./logs/payment_2024-12-20.log
payment_2024-12-20.log critical supprimé (expiration 30 jours)
Impossible de supprimer le fichier (CRITICAL) : ./logs/payment_2024-12-27.log
payment_2024-12-27.log critical supprimé (expiration 30 jours)
Impossible de supprimer le fichier (CRITICAL) : ./logs/payment_2024-12-29.log
payment_2024-12-29.log critical supprimé (expiration 30 jours)
Impossible de supprimer le fichier (CRITICAL) : ./logs/payment_2025-01-01.log
payment_2025-01-01.log critical supprimé (expiration 30 jours)
Impossible de supprimer le fichier (CRITICAL) : ./logs/payment_2025-01-03.log
payment_2025-01-03.log critical supprimé (expiration 30 jours)
Impossible de supprimer le fichier (CRITICAL) : ./logs/payment_2025-01-04.log
payment_2025-01-04.log critical supprimé (expiration 30 jours)
Impossible de supprimer le fichier (CRITICAL) : ./logs/payment_2025-01-05.log
payment_2025-01-05.log critical supprimé (expiration 30 jours)
Impossible de supprimer le fichier (CRITICAL) : ./logs/payment_2025-01-08.log
payment_2025-01-08.log critical supprimé (expiration 30 jours)
Impossible de supprimer le fichier (CRITICAL) : ./logs/payment_2025-01-11.log
payment_2025-01-11.log critical supprimé (expiration 30 jours)
Impossible de supprimer le fichier (CRITICAL) : ./logs/payment_2025-01-12.log
payment_2025-01-12.log critical supprimé (expiration 30 jours)
Impossible de supprimer le fichier (CRITICAL) : ./logs/payment_2025-01-13.log
payment_2025-01-13.log critical supprimé (expiration 30 jours)
Impossible de supprimer le fichier (CRITICAL) : ./logs/payment_2025-01-16.log
payment_2025-01-16.log critical supprimé (expiration 30 jours)
Impossible de supprimer le fichier (CRITICAL) : ./logs/payment_2025-01-17.log
payment_2025-01-17.log critical supprimé (expiration 30 jours)
Impossible de supprimer le fichier (CRITICAL) : ./logs/payment_2025-01-21.log
payment_2025-01-21.log critical supprimé (expiration 30 jours)
Impossible de supprimer le fichier (CRITICAL) : ./logs/payment_2025-01-24.log
payment_2025-01-24.log critical supprimé (expiration 30 jours)
Impossible de supprimer le fichier (CRITICAL) : ./logs/payment_2025-01-25.log
payment_2025-01-25.log critical supprimé (expiration 30 jours)
Impossible de supprimer le fichier (CRITICAL) : ./logs/payment_2025-01-27.log
payment_2025-01-27.log critical supprimé (expiration 30 jours)
Impossible de supprimer le fichier (CRITICAL) : ./logs/payment_2025-01-29.log
payment_2025-01-29.log critical supprimé (expiration 30 jours)
Impossible de supprimer le fichier (CRITICAL) : ./logs/payment_2025-01-31.log
payment_2025-01-31.log critical supprimé (expiration 30 jours)
Impossible de supprimer le fichier (CRITICAL) : ./logs/payment_2025-02-06.log
payment_2025-02-06.log critical supprimé (expiration 30 jours)
Impossible de supprimer le fichier (CRITICAL) : ./logs/payment_2025-02-08.log
payment_2025-02-08.log critical supprimé (expiration 30 jours)
Impossible de supprimer le fichier (CRITICAL) : ./logs/payment_2025-02-12.log
payment_2025-02-12.log critical supprimé (expiration 30 jours)
Impossible de supprimer le fichier (CRITICAL) : ./logs/payment_2025-02-17.log
payment_2025-02-17.log critical supprimé (expiration 30 jours)
Impossible de supprimer le fichier (CRITICAL) : ./logs/payment_2025-02-21.log
payment_2025-02-21.log critical supprimé (expiration 30 jours)
Impossible de supprimer le fichier (CRITICAL) : ./logs/payment_2025-02-22.log
payment_2025-02-22.log critical supprimé (expiration 30 jours)
Impossible de supprimer le fichier (CRITICAL) : ./logs/payment_2025-02-23.log
payment_2025-02-23.log critical supprimé (expiration 30 jours)
Impossible de supprimer le fichier (CRITICAL) : ./logs/payment_2025-02-24.log
payment_2025-02-24.log critical supprimé (expiration 30 jours)
Impossible de supprimer le fichier (CRITICAL) : ./logs/payment_2025-02-25.log
payment_2025-02-25.log critical supprimé (expiration 30 jours)
Impossible de supprimer le fichier (CRITICAL) : ./logs/payment_2025-02-26.log
payment_2025-02-26.log critical supprimé (expiration 30 jours)
Impossible de supprimer le fichier (CRITICAL) : ./logs/payment_2025-02-28.log
payment_2025-02-28.log critical supprimé (expiration 30 jours)
Impossible de supprimer le fichier (CRITICAL) : ./logs/payment_2025-03-04.log
payment_2025-03-04.log critical supprimé (expiration 30 jours)
Impossible de supprimer le fichier (CRITICAL) : ./logs/payment_2025-03-06.log
payment_2025-03-06.log critical supprimé (expiration 30 jours)
Impossible de supprimer le fichier (CRITICAL) : ./logs/payment_2025-03-09.log
payment_2025-03-09.log critical supprimé (expiration 30 jours)
Impossible de supprimer le fichier (CRITICAL) : ./logs/payment_2025-03-10.log
payment_2025-03-10.log critical supprimé (expiration 30 jours)
Impossible de supprimer le fichier (CRITICAL) : ./logs/payment_2025-03-13.log
payment_2025-03-13.log critical supprimé (expiration 30 jours)
Impossible de supprimer le fichier (CRITICAL) : ./logs/payment_2025-03-14.log
payment_2025-03-14.log critical supprimé (expiration 30 jours)
Impossible de supprimer le fichier (CRITICAL) : ./logs/payment_2025-03-15.log
payment_2025-03-15.log critical supprimé (expiration 30 jours)
Impossible de supprimer le fichier (CRITICAL) : ./logs/payment_2025-03-16.log
payment_2025-03-16.log critical supprimé (expiration 30 jours)
Impossible de supprimer le fichier (CRITICAL) : ./logs/payment_2025-03-17.log
payment_2025-03-17.log critical supprimé (expiration 30 jours)
Impossible de supprimer le fichier (CRITICAL) : ./logs/payment_2025-03-19.log
payment_2025-03-19.log critical supprimé (expiration 30 jours)
Impossible de supprimer le fichier (CRITICAL) : ./logs/payment_2025-03-20.log
payment_2025-03-20.log critical supprimé (expiration 30 jours)
Impossible de supprimer le fichier (CRITICAL) : ./logs/payment_2025-03-21.log
payment_2025-03-21.log critical supprimé (expiration 30 jours)
Impossible de supprimer le fichier (CRITICAL) : ./logs/payment_2025-03-22.log
payment_2025-03-22.log critical supprimé (expiration 30 jours)
Impossible de supprimer le fichier (CRITICAL) : ./logs/payment_2025-03-26.log
payment_2025-03-26.log critical supprimé (expiration 30 jours)
Impossible de supprimer le fichier (CRITICAL) : ./logs/payment_2025-03-27.log
payment_2025-03-27.log critical supprimé (expiration 30 jours)
Impossible de supprimer le fichier (CRITICAL) : ./logs/payment_2025-03-30.log
payment_2025-03-30.log critical supprimé (expiration 30 jours)
Impossible de supprimer le fichier (CRITICAL) : ./logs/payment_2025-03-31.log
payment_2025-03-31.log critical supprimé (expiration 30 jours)
Impossible de supprimer le fichier (CRITICAL) : ./logs/payment_2025-04-01.log
payment_2025-04-01.log critical supprimé (expiration 30 jours)
Impossible de supprimer le fichier (CRITICAL) : ./logs/payment_2025-04-03.log
payment_2025-04-03.log critical supprimé (expiration 30 jours)
Impossible de supprimer le fichier (CRITICAL) : ./logs/payment_2025-04-04.log
payment_2025-04-04.log critical supprimé (expiration 30 jours)
Impossible de supprimer le fichier (CRITICAL) : ./logs/payment_2025-04-05.log
payment_2025-04-05.log critical supprimé (expiration 30 jours)
Impossible de supprimer le fichier (CRITICAL) : ./logs/payment_2025-04-08.log
payment_2025-04-08.log critical supprimé (expiration 30 jours)
Impossible de supprimer le fichier (CRITICAL) : ./logs/payment_2025-04-13.log
payment_2025-04-13.log critical supprimé (expiration 30 jours)
Impossible de supprimer le fichier (CRITICAL) : ./logs/payment_2025-04-14.log
payment_2025-04-14.log critical supprimé (expiration 30 jours)
Impossible de supprimer le fichier (CRITICAL) : ./logs/payment_2025-04-16.log
payment_2025-04-16.log critical supprimé (expiration 30 jours)
Impossible de supprimer le fichier (CRITICAL) : ./logs/payment_2025-04-20.log
payment_2025-04-20.log critical supprimé (expiration 30 jours)
Impossible de supprimer le fichier (CRITICAL) : ./logs/payment_2025-04-24.log
payment_2025-04-24.log critical supprimé (expiration 30 jours)
Impossible de supprimer le fichier (CRITICAL) : ./logs/payment_2025-04-26.log
payment_2025-04-26.log critical supprimé (expiration 30 jours)
Impossible de supprimer le fichier (CRITICAL) : ./logs/payment_2025-04-27.log
payment_2025-04-27.log critical supprimé (expiration 30 jours)
Impossible de supprimer le fichier (CRITICAL) : ./logs/payment_2025-04-28.log
payment_2025-04-28.log critical supprimé (expiration 30 jours)
Impossible de supprimer le fichier (CRITICAL) : ./logs/payment_2025-04-29.log
payment_2025-04-29.log critical supprimé (expiration 30 jours)
Impossible de supprimer le fichier (CRITICAL) : ./logs/payment_2025-04-30.log
payment_2025-04-30.log critical supprimé (expiration 30 jours)
Impossible de supprimer le fichier (CRITICAL) : ./logs/payment_2025-05-03.log
payment_2025-05-03.log critical supprimé (expiration 30 jours)
Impossible de supprimer le fichier (CRITICAL) : ./logs/payment_2025-05-04.log
payment_2025-05-04.log critical supprimé (expiration 30 jours)
Impossible de supprimer le fichier (CRITICAL) : ./logs/payment_2025-05-06.log
payment_2025-05-06.log critical supprimé (expiration 30 jours)
Impossible de supprimer le fichier (CRITICAL) : ./logs/payment_2025-05-09.log
payment_2025-05-09.log critical supprimé (expiration 30 jours)
Impossible de supprimer le fichier (CRITICAL) : ./logs/payment_2025-05-12.log
payment_2025-05-12.log critical supprimé (expiration 30 jours)
Impossible de supprimer le fichier (CRITICAL) : ./logs/payment_2025-05-13.log
payment_2025-05-13.log critical supprimé (expiration 30 jours)
Impossible de supprimer le fichier (CRITICAL) : ./logs/payment_2025-05-16.log
payment_2025-05-16.log critical supprimé (expiration 30 jours)
Impossible de supprimer le fichier (CRITICAL) : ./logs/payment_2025-05-17.log
payment_2025-05-17.log critical supprimé (expiration 30 jours)
Impossible de supprimer le fichier (CRITICAL) : ./logs/payment_2025-05-18.log
payment_2025-05-18.log critical supprimé (expiration 30 jours)
Impossible de supprimer le fichier (CRITICAL) : ./logs/payment_2025-05-20.log
payment_2025-05-20.log critical supprimé (expiration 30 jours)
Impossible de supprimer le fichier (CRITICAL) : ./logs/payment_2025-05-21.log
payment_2025-05-21.log critical supprimé (expiration 30 jours)
Impossible de supprimer le fichier (CRITICAL) : ./logs/payment_2025-05-25.log
payment_2025-05-25.log critical supprimé (expiration 30 jours)
Impossible de supprimer le fichier (CRITICAL) : ./logs/payment_2025-05-27.log
payment_2025-05-27.log critical supprimé (expiration 30 jours)
Impossible de supprimer le fichier (CRITICAL) : ./logs/payment_2025-05-28.log
payment_2025-05-28.log critical supprimé (expiration 30 jours)
Impossible de supprimer le fichier (CRITICAL) : ./logs/payment_2025-05-29.log
payment_2025-05-29.log critical supprimé (expiration 30 jours)
Impossible de supprimer le fichier (CRITICAL) : ./logs/payment_2025-05-30.log
payment_2025-05-30.log critical supprimé (expiration 30 jours)
Impossible de supprimer le fichier (CRITICAL) : ./logs/payment_2025-05-31.log
payment_2025-05-31.log critical supprimé (expiration 30 jours)
Impossible de supprimer le fichier (CRITICAL) : ./logs/payment_2025-06-01.log
payment_2025-06-01.log critical supprimé (expiration 30 jours)
Impossible de supprimer le fichier (CRITICAL) : ./logs/payment_2025-06-08.log
payment_2025-06-08.log critical supprimé (expiration 30 jours)
Impossible de supprimer le fichier (CRITICAL) : ./logs/payment_2025-06-10.log
payment_2025-06-10.log critical supprimé (expiration 30 jours)
Impossible de supprimer le fichier (CRITICAL) : ./logs/payment_2025-06-11.log
payment_2025-06-11.log critical supprimé (expiration 30 jours)
Impossible de supprimer le fichier (CRITICAL) : ./logs/payment_2025-06-15.log
payment_2025-06-15.log critical supprimé (expiration 30 jours)
Impossible de supprimer le fichier (CRITICAL) : ./logs/payment_2025-06-16.log
payment_2025-06-16.log critical supprimé (expiration 30 jours)
Impossible de supprimer le fichier (CRITICAL) : ./logs/payment_2025-06-19.log
payment_2025-06-19.log critical supprimé (expiration 30 jours)
Impossible de supprimer le fichier (CRITICAL) : ./logs/payment_2025-06-22.log
payment_2025-06-22.log critical supprimé (expiration 30 jours)
Impossible de supprimer le fichier (CRITICAL) : ./logs/payment_2025-06-23.log
payment_2025-06-23.log critical supprimé (expiration 30 jours)
Impossible de supprimer le fichier (CRITICAL) : ./logs/payment_2025-06-24.log
payment_2025-06-24.log critical supprimé (expiration 30 jours)
Impossible de supprimer le fichier (CRITICAL) : ./logs/payment_2025-06-25.log
payment_2025-06-25.log critical supprimé (expiration 30 jours)
Impossible de supprimer le fichier (CRITICAL) : ./logs/payment_2025-06-27.log
payment_2025-06-27.log critical supprimé (expiration 30 jours)
Impossible de supprimer le fichier (CRITICAL) : ./logs/payment_2025-07-02.log
payment_2025-07-02.log critical supprimé (expiration 30 jours)
Impossible de supprimer le fichier (CRITICAL) : ./logs/payment_2025-07-03.log
payment_2025-07-03.log critical supprimé (expiration 30 jours)
Impossible de supprimer le fichier (CRITICAL) : ./logs/payment_2025-07-05.log
payment_2025-07-05.log critical supprimé (expiration 30 jours)
Impossible de supprimer le fichier (CRITICAL) : ./logs/payment_2025-07-07.log
payment_2025-07-07.log critical supprimé (expiration 30 jours)
Impossible de supprimer le fichier (CRITICAL) : ./logs/payment_2025-07-11.log
payment_2025-07-11.log critical supprimé (expiration 30 jours)
Impossible de supprimer le fichier (CRITICAL) : ./logs/payment_2025-07-14.log
payment_2025-07-14.log critical supprimé (expiration 30 jours)
Impossible de supprimer le fichier (CRITICAL) : ./logs/payment_2025-07-18.log
payment_2025-07-18.log critical supprimé (expiration 30 jours)
Impossible de supprimer le fichier (CRITICAL) : ./logs/payment_2025-07-19.log
payment_2025-07-19.log critical supprimé (expiration 30 jours)
Impossible de supprimer le fichier (CRITICAL) : ./logs/payment_2025-07-21.log
payment_2025-07-21.log critical supprimé (expiration 30 jours)
Impossible de supprimer le fichier (CRITICAL) : ./logs/payment_2025-07-25.log
payment_2025-07-25.log critical supprimé (expiration 30 jours)
Impossible de supprimer le fichier (CRITICAL) : ./logs/payment_2025-07-26.log
payment_2025-07-26.log critical supprimé (expiration 30 jours)
Impossible de supprimer le fichier (CRITICAL) : ./logs/payment_2025-07-27.log
payment_2025-07-27.log critical supprimé (expiration 30 jours)
Impossible de supprimer le fichier (CRITICAL) : ./logs/payment_2025-07-30.log
payment_2025-07-30.log critical supprimé (expiration 30 jours)
Impossible de supprimer le fichier (CRITICAL) : ./logs/payment_2025-08-01.log
payment_2025-08-01.log critical supprimé (expiration 30 jours)
Impossible de supprimer le fichier (CRITICAL) : ./logs/payment_2025-08-02.log
payment_2025-08-02.log critical supprimé (expiration 30 jours)
Impossible de supprimer le fichier (CRITICAL) : ./logs/payment_2025-08-03.log
payment_2025-08-03.log critical supprimé (expiration 30 jours)
Impossible de supprimer le fichier (CRITICAL) : ./logs/payment_2025-08-04.log
payment_2025-08-04.log critical supprimé (expiration 30 jours)
Impossible de supprimer le fichier (CRITICAL) : ./logs/payment_2025-08-05.log
payment_2025-08-05.log critical supprimé (expiration 30 jours)
Impossible de supprimer le fichier (CRITICAL) : ./logs/payment_2025-08-08.log
payment_2025-08-08.log critical supprimé (expiration 30 jours)
Impossible de supprimer le fichier (CRITICAL) : ./logs/payment_2025-08-10.log
payment_2025-08-10.log critical supprimé (expiration 30 jours)
Impossible de supprimer le fichier (CRITICAL) : ./logs/payment_2025-08-11.log
payment_2025-08-11.log critical supprimé (expiration 30 jours)
Impossible de supprimer le fichier (CRITICAL) : ./logs/payment_2025-08-12.log
payment_2025-08-12.log critical supprimé (expiration 30 jours)
Impossible de supprimer le fichier (CRITICAL) : ./logs/payment_2025-08-14.log
payment_2025-08-14.log critical supprimé (expiration 30 jours)
Impossible de supprimer le fichier (CRITICAL) : ./logs/payment_2025-08-17.log
payment_2025-08-17.log critical supprimé (expiration 30 jours)
Impossible de supprimer le fichier (CRITICAL) : ./logs/payment_2025-08-19.log
payment_2025-08-19.log critical supprimé (expiration 30 jours)
Impossible de supprimer le fichier (CRITICAL) : ./logs/payment_2025-08-21.log
payment_2025-08-21.log critical supprimé (expiration 30 jours)
Impossible de supprimer le fichier (CRITICAL) : ./logs/payment_2025-08-22.log
payment_2025-08-22.log critical supprimé (expiration 30 jours)
Impossible de supprimer le fichier (CRITICAL) : ./logs/payment_2025-08-23.log
payment_2025-08-23.log critical supprimé (expiration 30 jours)
Impossible de supprimer le fichier (CRITICAL) : ./logs/payment_2025-08-24.log
payment_2025-08-24.log critical supprimé (expiration 30 jours)
Impossible de supprimer le fichier (CRITICAL) : ./logs/payment_2025-08-25.log
payment_2025-08-25.log critical supprimé (expiration 30 jours)
Impossible de supprimer le fichier (CRITICAL) : ./logs/payment_2025-08-26.log
payment_2025-08-26.log critical supprimé (expiration 30 jours)
Impossible de supprimer le fichier (CRITICAL) : ./logs/payment_2025-08-28.log
payment_2025-08-28.log critical supprimé (expiration 30 jours)
Impossible de supprimer le fichier (CRITICAL) : ./logs/payment_2025-08-29.log
payment_2025-08-29.log critical supprimé (expiration 30 jours)
Impossible de supprimer le fichier (CRITICAL) : ./logs/payment_2025-08-30.log
payment_2025-08-30.log critical supprimé (expiration 30 jours)
Impossible de supprimer le fichier (CRITICAL) : ./logs/payment_2025-08-31.log
payment_2025-08-31.log critical supprimé (expiration 30 jours)
Impossible de supprimer le fichier (CRITICAL) : ./logs/payment_2025-09-01.log
payment_2025-09-01.log critical supprimé (expiration 30 jours)
Impossible de supprimer le fichier (CRITICAL) : ./logs/payment_2025-09-03.log
payment_2025-09-03.log critical supprimé (expiration 30 jours)
Impossible de supprimer le fichier (CRITICAL) : ./logs/payment_2025-09-04.log
payment_2025-09-04.log critical supprimé (expiration 30 jours)
Impossible de supprimer le fichier (CRITICAL) : ./logs/payment_2025-09-05.log
payment_2025-09-05.log critical supprimé (expiration 30 jours)
Impossible de supprimer le fichier (CRITICAL) : ./logs/payment_2025-09-06.log
payment_2025-09-06.log critical supprimé (expiration 30 jours)
Impossible de supprimer le fichier (CRITICAL) : ./logs/payment_2025-09-07.log
payment_2025-09-07.log critical supprimé (expiration 30 jours)
Impossible de supprimer le fichier (CRITICAL) : ./logs/payment_2025-09-08.log
payment_2025-09-08.log critical supprimé (expiration 30 jours)
Impossible de supprimer le fichier (CRITICAL) : ./logs/payment_2025-09-09.log
payment_2025-09-09.log critical supprimé (expiration 30 jours)
Impossible de supprimer le fichier (CRITICAL) : ./logs/payment_2025-09-14.log
payment_2025-09-14.log critical supprimé (expiration 30 jours)
Impossible de supprimer le fichier (CRITICAL) : ./logs/payment_2025-09-15.log
payment_2025-09-15.log critical supprimé (expiration 30 jours)
Impossible de supprimer le fichier (CRITICAL) : ./logs/payment_2025-09-17.log
payment_2025-09-17.log critical supprimé (expiration 30 jours)
Impossible de supprimer le fichier (CRITICAL) : ./logs/payment_2025-09-19.log
payment_2025-09-19.log critical supprimé (expiration 30 jours)
Impossible de supprimer le fichier (CRITICAL) : ./logs/payment_2025-09-20.log
payment_2025-09-20.log critical supprimé (expiration 30 jours)
Impossible de supprimer le fichier (CRITICAL) : ./logs/payment_2025-09-23.log
payment_2025-09-23.log critical supprimé (expiration 30 jours)
Impossible de supprimer le fichier (CRITICAL) : ./logs/payment_2025-10-03.log
payment_2025-10-03.log critical supprimé (expiration 30 jours)
Impossible de supprimer le fichier (CRITICAL) : ./logs/payment_2025-10-04.log
payment_2025-10-04.log critical supprimé (expiration 30 jours)
Impossible de supprimer le fichier (CRITICAL) : ./logs/payment_2025-10-05.log
payment_2025-10-05.log critical supprimé (expiration 30 jours)
Impossible de supprimer le fichier (CRITICAL) : ./logs/payment_2025-10-07.log
payment_2025-10-07.log critical supprimé (expiration 30 jours)
Impossible de supprimer le fichier (CRITICAL) : ./logs/payment_2025-10-08.log
payment_2025-10-08.log critical supprimé (expiration 30 jours)
Impossible de supprimer le fichier (CRITICAL) : ./logs/payment_2025-10-11.log
payment_2025-10-11.log critical supprimé (expiration 30 jours)
Impossible de supprimer le fichier (CRITICAL) : ./logs/payment_2025-10-14.log
payment_2025-10-14.log critical supprimé (expiration 30 jours)
Impossible de supprimer le fichier (CRITICAL) : ./logs/payment_2025-10-15.log
payment_2025-10-15.log critical supprimé (expiration 30 jours)
Impossible de supprimer le fichier (CRITICAL) : ./logs/payment_2025-10-16.log
payment_2025-10-16.log critical supprimé (expiration 30 jours)
Impossible de supprimer le fichier (CRITICAL) : ./logs/payment_2025-10-22.log
payment_2025-10-22.log critical supprimé (expiration 30 jours)
Impossible de supprimer le fichier (CRITICAL) : ./logs/payment_2025-10-23.log
payment_2025-10-23.log critical supprimé (expiration 30 jours)
Impossible de supprimer le fichier (CRITICAL) : ./logs/payment_2025-10-25.log
payment_2025-10-25.log critical supprimé (expiration 30 jours)
Impossible de supprimer le fichier (CRITICAL) : ./logs/payment_2025-10-26.log
payment_2025-10-26.log critical supprimé (expiration 30 jours)
Impossible de supprimer le fichier (CRITICAL) : ./logs/payment_2025-10-29.log
payment_2025-10-29.log critical supprimé (expiration 30 jours)
Impossible de supprimer le fichier (CRITICAL) : ./logs/payment_2025-10-30.log
payment_2025-10-30.log critical supprimé (expiration 30 jours)
Impossible de supprimer le fichier (CRITICAL) : ./logs/payment_2025-11-02.log
payment_2025-11-02.log critical supprimé (expiration 30 jours)
Impossible de supprimer le fichier (CRITICAL) : ./logs/payment_2025-11-09.log
payment_2025-11-09.log critical supprimé (expiration 30 jours)
Impossible de supprimer le fichier (CRITICAL) : ./logs/payment_2025-11-10.log
payment_2025-11-10.log critical supprimé (expiration 30 jours)
Impossible de supprimer le fichier (CRITICAL) : ./logs/payment_2025-11-11.log
payment_2025-11-11.log critical supprimé (expiration 30 jours)
Impossible de supprimer le fichier (CRITICAL) : ./logs/payment_2025-11-12.log
payment_2025-11-12.log critical supprimé (expiration 30 jours)
Impossible de supprimer le fichier (CRITICAL) : ./logs/payment_2025-11-14.log
payment_2025-11-14.log critical supprimé (expiration 30 jours)
Impossible de supprimer le fichier (CRITICAL) : ./logs/payment_2025-11-15.log
payment_2025-11-15.log critical supprimé (expiration 30 jours)
Impossible de supprimer le fichier (CRITICAL) : ./logs/payment_2025-11-26.log
payment_2025-11-26.log critical supprimé (expiration 30 jours)
Impossible de supprimer le fichier (CRITICAL) : ./logs/payment_2025-11-27.log
payment_2025-11-27.log critical supprimé (expiration 30 jours)
Impossible de supprimer le fichier (CRITICAL) : ./logs/payment_2025-11-29.log
payment_2025-11-29.log critical supprimé (expiration 30 jours)
Impossible de supprimer le fichier (CRITICAL) : ./logs/payment_2025-12-05.log
payment_2025-12-05.log critical supprimé (expiration 30 jours)
Impossible de supprimer le fichier (CRITICAL) : ./logs/payment_2025-12-08.log
payment_2025-12-08.log critical supprimé (expiration 30 jours)
Impossible de supprimer le fichier (CRITICAL) : ./logs/payment_2025-12-11.log
payment_2025-12-11.log critical supprimé (expiration 30 jours)
Impossible de supprimer le fichier (CRITICAL) : ./logs/payment_2025-12-14.log
payment_2025-12-14.log critical supprimé (expiration 30 jours)
Impossible de supprimer le fichier (CRITICAL) : ./logs/payment_2025-12-16.log
payment_2025-12-16.log critical supprimé (expiration 30 jours)
Impossible de supprimer le fichier (CRITICAL) : ./logs/payment_2025-12-17.log
payment_2025-12-17.log critical supprimé (expiration 30 jours)
Impossible de supprimer le fichier (CRITICAL) : ./logs/payment_2025-12-18.log
payment_2025-12-18.log critical supprimé (expiration 30 jours)
Impossible de supprimer le fichier (CRITICAL) : ./logs/payment_2025-12-20.log
Impossible de supprimer le fichier (CRITICAL) : ./logs/payment_2025-12-22.log
Impossible de supprimer le fichier (CRITICAL) : ./logs/payment_2025-12-26.log
Impossible de supprimer le fichier (CRITICAL) : ./logs/payment_2025-12-27.log
Impossible de supprimer le fichier (CRITICAL) : ./logs/payment_2025-12-28.log
Impossible de supprimer le fichier (CRITICAL) : ./logs/payment_2025-12-29.log
Impossible de supprimer le fichier (CRITICAL) : ./logs/payment_2025-12-30.log
Impossible de supprimer le fichier (CRITICAL) : ./logs/payment_2025-12-31.log
Impossible de supprimer le fichier (CRITICAL) : ./logs/payment_2026-01-01.log
Impossible de supprimer le fichier (CRITICAL) : ./logs/payment_2026-01-03.log
Impossible de supprimer le fichier (CRITICAL) : ./logs/payment_2026-01-04.log
Impossible de supprimer le fichier (CRITICAL) : ./logs/payment_2026-01-06.log
Impossible de supprimer le fichier (CRITICAL) : ./logs/payment_2026-01-09.log
Impossible de supprimer le fichier (CRITICAL) : ./logs/payment_2026-01-11.log
payment_2026-01-12.log n'est pas vieux de 7 jours
payment_2026-01-13.log n'est pas vieux de 7 jours
payment_2026-01-14.log n'est pas vieux de 7 jours
payment_2026-01-15.log n'est pas vieux de 7 jours
payment_2026-01-16.log n'est pas vieux de 7 jours
payment_2026-01-17.log n'est pas vieux de 7 jours
payment_2026-01-18.log n'est pas vieux de 7 jours
payment_2026-01-19.log n'est pas vieux de 7 jours
